<?xml version="1.0" encoding="UTF-8"?>
<beans xmlns="http://www.springframework.org/schema/beans"
	xmlns:context="http://www.springframework.org/schema/context"
	xmlns:mvc="http://www.springframework.org/schema/mvc" xmlns:xsi="http://www.w3.org/2001/XMLSchema-instance"
	xmlns:p="http://www.springframework.org/schema/p"
	xsi:schemaLocation="
		http://www.springframework.org/schema/beans    
		http://www.springframework.org/schema/beans/spring-beans-4.0.xsd
		http://www.springframework.org/schema/context
		http://www.springframework.org/schema/context/spring-context-4.0.xsd
		http://www.springframework.org/schema/mvc
		http://www.springframework.org/schema/mvc/spring-mvc-4.0.xsd">
	<context:component-scan base-package="org.pivot4j.service" />
	<mvc:annotation-driven />

	<bean id="expressionEvaluatorFactory"
		class="org.pivot4j.el.freemarker.FreeMarkerExpressionEvaluatorFactory" />

	<bean id="reportRepository" class="org.pivot4j.service.repository.test.TestRepository"
		primary="true" />

	<bean id="settings" class="org.pivot4j.service.config.Settings">
		<property name="configLocation">
			<value>classpath:/pivot4j-config.xml</value>
		</property>
	</bean>
</beans>